<?xml version="1.0" encoding="UTF-8"?>
<testsuite xmlns:xsi="http://www.w3.org/2001/XMLSchema-instance" xsi:noNamespaceSchemaLocation="https://maven.apache.org/surefire/maven-surefire-plugin/xsd/surefire-test-report.xsd" name="ConduitApp.ConduitTest" time="16.437" tests="9" errors="0" skipped="0" failures="0">
  <properties>
[...]
</properties>
  <testcase name="testAll[3][1]" classname="ConduitApp.ConduitTest" time="4.49"/>
  <testcase name="testAll[3][2]" classname="ConduitApp.ConduitTest" time="0.972"/>
  <testcase name="testAll[3][3]" classname="ConduitApp.ConduitTest" time="1.061"/>
  <testcase name="testAll[3][4]" classname="ConduitApp.ConduitTest" time="1.132"/>
  <testcase name="testAll[3][5]" classname="ConduitApp.ConduitTest" time="0.994"/>
  <testcase name="testAll[3][6]" classname="ConduitApp.ConduitTest" time="1.285"/>
  <testcase name="testAll[3][7]" classname="ConduitApp.ConduitTest" time="1.084"/>
  <testcase name="testAll[3][8]" classname="ConduitApp.ConduitTest" time="1.143"/>
  <testcase name="testAll[3][9]" classname="ConduitApp.ConduitTest" time="2.061"/>
</testsuite>